[0828/131254.254:ERROR:process_reader_win.cc(123)] NtOpenThread: {Access Denied} A process has requested access to an object, but has not been granted those access rights. (0xc0000022)
[0828/131254.331:ERROR:exception_snapshot_win.cc(99)] thread ID 16000 not found in process
[0828/131254.331:ERROR:scoped_process_suspend.cc(40)] NtResumeProcess: An attempt was made to access an exiting process. (0xc000010a)
[0904/143936.172:ERROR:http_transport_win.cc(276)] WinHttpSendRequest: The operation completed successfully. (0x0)
[0916/182718.392:ERROR:http_transport_win.cc(363)] WinHttpReceiveResponse: The operation completed successfully. (0x0)
[0916/182722.888:ERROR:http_transport_win.cc(363)] WinHttpReceiveResponse: The operation completed successfully. (0x0)
[0921/131530.304:ERROR:http_transport_win.cc(276)] WinHttpSendRequest: The operation completed successfully. (0x0)
[0922/002831.148:ERROR:http_transport_win.cc(276)] WinHttpSendRequest: The operation completed successfully. (0x0)
[0922/130112.816:ERROR:process_reader_win.cc(123)] NtOpenThread: {Access Denied} A process has requested access to an object, but has not been granted those access rights. (0xc0000022)
[0922/130112.843:ERROR:exception_snapshot_win.cc(99)] thread ID 17112 not found in process
[0922/130115.572:ERROR:process_reader_win.cc(123)] NtOpenThread: {Access Denied} A process has requested access to an object, but has not been granted those access rights. (0xc0000022)
[0922/130115.572:ERROR:exception_snapshot_win.cc(99)] thread ID 28340 not found in process
[1022/142635.292:ERROR:directory_reader_win.cc(43)] FindFirstFile: The system cannot find the path specified. (0x3)
[1022/142836.580:ERROR:filesystem_win.cc(129)] GetFileAttributes C:\Users\SOHAIL~1\AppData\Local\Temp\scoped_dir13440_476458152\Crashpad\attachments\7d48ff30-5eca-4d58-b447-b8c8344ae1c3: The system cannot find the path specified. (0x3)
[1022/225839.638:ERROR:directory_reader_win.cc(43)] FindFirstFile: The system cannot find the path specified. (0x3)
[1022/225839.786:ERROR:directory_reader_win.cc(43)] FindFirstFile: The system cannot find the path specified. (0x3)
[1022/225839.769:ERROR:directory_reader_win.cc(43)] FindFirstFile: The system cannot find the path specified. (0x3)
[1022/225839.785:ERROR:directory_reader_win.cc(43)] FindFirstFile: The system cannot find the path specified. (0x3)
[1022/225839.769:ERROR:directory_reader_win.cc(43)] FindFirstFile: The system cannot find the path specified. (0x3)
[1022/225839.769:ERROR:directory_reader_win.cc(43)] FindFirstFile: The system cannot find the path specified. (0x3)
[1024/010851.062:ERROR:filesystem_win.cc(129)] GetFileAttributes C:\Users\SOHAIL~1\AppData\Local\Temp\scoped_dir27264_605195560\Crashpad\attachments\1bf78191-12f3-4152-b835-95e8b38d7db4: The system cannot find the path specified. (0x3)
